# JRE version: OpenJDK Runtime Environment Temurin-17.0.17+10 (17.0.17+10) (build 17.0.17+10)
# Java VM: OpenJDK 64-Bit Server VM Temurin-17.0.17+10 (17.0.17+10, mixed mode, sharing, tiered, compressed oops, compressed class ptrs, g1 gc, windows-amd64)
GC Precious Log:
 CPUs: 8 total, 8 available
 Memory: 8035M
 Large Page Support: Disabled
 NUMA Support: Disabled
 Compressed Oops: Enabled (32-bit)
 Heap Region Size: 1M
 Heap Min Capacity: 8M
 Heap Initial Capacity: 126M
 Heap Max Capacity: 1536M
 Pre-touch: Disabled
 Parallel Workers: 8
 Concurrent Workers: 2
 Concurrent Refinement Workers: 8
 Periodic GC: Disabled
Heap:
 garbage-first heap   total 126976K, used 85872K [0x00000000a0000000, 0x0000000100000000)
  region size 1024K, 11 young (11264K), 4 survivors (4096K)
 Metaspace       used 60922K, committed 61696K, reserved 491520K
  class space    used 8404K, committed 8768K, reserved 425984K
GC Heap History (20 events):
Event: 11.376 GC heap before
{Heap before GC invocations=20 (full 0):
 garbage-first heap   total 89088K, used 69654K [0x00000000a0000000, 0x0000000100000000)
  region size 1024K, 23 young (23552K), 1 survivors (1024K)
 Metaspace       used 51958K, committed 52544K, reserved 491520K
  class space    used 7266K, committed 7552K, reserved 425984K
}
Event: 11.379 GC heap after
{Heap after GC invocations=21 (full 0):
 garbage-first heap   total 107520K, used 50424K [0x00000000a0000000, 0x0000000100000000)
  region size 1024K, 3 young (3072K), 3 survivors (3072K)
 Metaspace       used 51958K, committed 52544K, reserved 491520K
  class space    used 7266K, committed 7552K, reserved 425984K
}
Event: 11.729 GC heap before
{Heap before GC invocations=22 (full 0):
 garbage-first heap   total 107520K, used 83192K [0x00000000a0000000, 0x0000000100000000)
  region size 1024K, 36 young (36864K), 3 survivors (3072K)
 Metaspace       used 51964K, committed 52544K, reserved 491520K
  class space    used 7266K, committed 7552K, reserved 425984K
}
Event: 11.733 GC heap after
{Heap after GC invocations=23 (full 0):
 garbage-first heap   total 107520K, used 51538K [0x00000000a0000000, 0x0000000100000000)
  region size 1024K, 4 young (4096K), 4 survivors (4096K)
 Metaspace       used 51964K, committed 52544K, reserved 491520K
  class space    used 7266K, committed 7552K, reserved 425984K
}
Event: 11.741 GC heap before
{Heap before GC invocations=23 (full 0):
 garbage-first heap   total 107520K, used 52562K [0x00000000a0000000, 0x0000000100000000)
  region size 1024K, 5 young (5120K), 4 survivors (4096K)
 Metaspace       used 51964K, committed 52544K, reserved 491520K
  class space    used 7266K, committed 7552K, reserved 425984K
}
Event: 11.744 GC heap after
{Heap after GC invocations=24 (full 0):
 garbage-first heap   total 107520K, used 50782K [0x00000000a0000000, 0x0000000100000000)
  region size 1024K, 1 young (1024K), 1 survivors (1024K)
 Metaspace       used 51964K, committed 52544K, reserved 491520K
  class space    used 7266K, committed 7552K, reserved 425984K
}
Event: 11.980 GC heap before
{Heap before GC invocations=24 (full 0):
 garbage-first heap   total 107520K, used 67166K [0x00000000a0000000, 0x0000000100000000)
  region size 1024K, 18 young (18432K), 1 survivors (1024K)
 Metaspace       used 52129K, committed 52736K, reserved 491520K
  class space    used 7289K, committed 7552K, reserved 425984K
}
Event: 11.983 GC heap after
{Heap after GC invocations=25 (full 0):
 garbage-first heap   total 107520K, used 52683K [0x00000000a0000000, 0x0000000100000000)
  region size 1024K, 3 young (3072K), 3 survivors (3072K)
 Metaspace       used 52129K, committed 52736K, reserved 491520K
  class space    used 7289K, committed 7552K, reserved 425984K
}
Event: 13.202 GC heap before
{Heap before GC invocations=26 (full 0):
 garbage-first heap   total 107520K, used 96715K [0x00000000a0000000, 0x0000000100000000)
  region size 1024K, 34 young (34816K), 3 survivors (3072K)
 Metaspace       used 53758K, committed 54336K, reserved 491520K
  class space    used 7504K, committed 7744K, reserved 425984K
}
Event: 13.206 GC heap after
{Heap after GC invocations=27 (full 0):
 garbage-first heap   total 110592K, used 73779K [0x00000000a0000000, 0x0000000100000000)
  region size 1024K, 5 young (5120K), 5 survivors (5120K)
 Metaspace       used 53758K, committed 54336K, reserved 491520K
  class space    used 7504K, committed 7744K, reserved 425984K
}
Event: 13.220 GC heap before
{Heap before GC invocations=27 (full 0):
 garbage-first heap   total 110592K, used 74803K [0x00000000a0000000, 0x0000000100000000)
  region size 1024K, 6 young (6144K), 5 survivors (5120K)
 Metaspace       used 53811K, committed 54400K, reserved 491520K
  class space    used 7508K, committed 7744K, reserved 425984K
}
Event: 13.224 GC heap after
{Heap after GC invocations=28 (full 0):
 garbage-first heap   total 110592K, used 71951K [0x00000000a0000000, 0x0000000100000000)
  region size 1024K, 1 young (1024K), 1 survivors (1024K)
 Metaspace       used 53811K, committed 54400K, reserved 491520K
  class space    used 7508K, committed 7744K, reserved 425984K
}
Event: 13.493 GC heap before
{Heap before GC invocations=28 (full 0):
 garbage-first heap   total 110592K, used 90383K [0x00000000a0000000, 0x0000000100000000)
  region size 1024K, 19 young (19456K), 1 survivors (1024K)
 Metaspace       used 55436K, committed 56064K, reserved 491520K
  class space    used 7713K, committed 8000K, reserved 425984K
}
Event: 13.494 GC heap after
{Heap after GC invocations=29 (full 0):
 garbage-first heap   total 110592K, used 72393K [0x00000000a0000000, 0x0000000100000000)
  region size 1024K, 1 young (1024K), 1 survivors (1024K)
 Metaspace       used 55436K, committed 56064K, reserved 491520K
  class space    used 7713K, committed 8000K, reserved 425984K
}
Event: 13.749 GC heap before
{Heap before GC invocations=30 (full 0):
 garbage-first heap   total 126976K, used 90825K [0x00000000a0000000, 0x0000000100000000)
  region size 1024K, 20 young (20480K), 1 survivors (1024K)
 Metaspace       used 57348K, committed 58048K, reserved 491520K
  class space    used 7914K, committed 8256K, reserved 425984K
}
Event: 13.750 GC heap after
{Heap after GC invocations=31 (full 0):
 garbage-first heap   total 126976K, used 72687K [0x00000000a0000000, 0x0000000100000000)
  region size 1024K, 2 young (2048K), 2 survivors (2048K)
 Metaspace       used 57348K, committed 58048K, reserved 491520K
  class space    used 7914K, committed 8256K, reserved 425984K
}
Event: 14.001 GC heap before
{Heap before GC invocations=31 (full 0):
 garbage-first heap   total 126976K, used 76783K [0x00000000a0000000, 0x0000000100000000)
  region size 1024K, 6 young (6144K), 2 survivors (2048K)
 Metaspace       used 57670K, committed 58368K, reserved 491520K
  class space    used 7962K, committed 8320K, reserved 425984K
}
Event: 14.003 GC heap after
{Heap after GC invocations=32 (full 0):
 garbage-first heap   total 126976K, used 71871K [0x00000000a0000000, 0x0000000100000000)
  region size 1024K, 1 young (1024K), 1 survivors (1024K)
 Metaspace       used 57670K, committed 58368K, reserved 491520K
  class space    used 7962K, committed 8320K, reserved 425984K
}
Event: 15.147 GC heap before
{Heap before GC invocations=32 (full 0):
 garbage-first heap   total 126976K, used 103615K [0x00000000a0000000, 0x0000000100000000)
  region size 1024K, 31 young (31744K), 1 survivors (1024K)
 Metaspace       used 60916K, committed 61632K, reserved 491520K
  class space    used 8404K, committed 8704K, reserved 425984K
}
Event: 15.150 GC heap after
{Heap after GC invocations=33 (full 0):
 garbage-first heap   total 126976K, used 76656K [0x00000000a0000000, 0x0000000100000000)
  region size 1024K, 4 young (4096K), 4 survivors (4096K)
 Metaspace       used 60916K, committed 61632K, reserved 491520K
  class space    used 8404K, committed 8704K, reserved 425984K
}

