# JRE version: OpenJDK Runtime Environment Temurin-17.0.17+10 (17.0.17+10) (build 17.0.17+10)
# Java VM: OpenJDK 64-Bit Server VM Temurin-17.0.17+10 (17.0.17+10, mixed mode, sharing, tiered, compressed oops, compressed class ptrs, g1 gc, windows-amd64)
GC Precious Log:
 CPUs: 8 total, 8 available
 Memory: 8035M
 Large Page Support: Disabled
 NUMA Support: Disabled
 Compressed Oops: Enabled (32-bit)
 Heap Region Size: 1M
 Heap Min Capacity: 128M
 Heap Initial Capacity: 128M
 Heap Max Capacity: 1G
 Pre-touch: Disabled
 Parallel Workers: 8
 Concurrent Workers: 2
 Concurrent Refinement Workers: 8
 Periodic GC: Disabled
Heap:
 garbage-first heap   total 131072K, used 39464K [0x00000000c0000000, 0x0000000100000000)
  region size 1024K, 28 young (28672K), 10 survivors (10240K)
 Metaspace       used 19284K, committed 19584K, reserved 278528K
  class space    used 2808K, committed 2944K, reserved 212992K
GC Heap History (8 events):
Event: 0.409 GC heap before
{Heap before GC invocations=0 (full 0):
 garbage-first heap   total 131072K, used 22528K [0x00000000c0000000, 0x0000000100000000)
  region size 1024K, 23 young (23552K), 0 survivors (0K)
 Metaspace       used 1055K, committed 1216K, reserved 278528K
  class space    used 73K, committed 128K, reserved 212992K
}
Event: 0.414 GC heap after
{Heap after GC invocations=1 (full 0):
 garbage-first heap   total 131072K, used 2730K [0x00000000c0000000, 0x0000000100000000)
  region size 1024K, 3 young (3072K), 3 survivors (3072K)
 Metaspace       used 1055K, committed 1216K, reserved 278528K
  class space    used 73K, committed 128K, reserved 212992K
}
Event: 1.025 GC heap before
{Heap before GC invocations=1 (full 0):
 garbage-first heap   total 131072K, used 41642K [0x00000000c0000000, 0x0000000100000000)
  region size 1024K, 38 young (38912K), 3 survivors (3072K)
 Metaspace       used 4384K, committed 4544K, reserved 278528K
  class space    used 549K, committed 640K, reserved 212992K
}
Event: 1.031 GC heap after
{Heap after GC invocations=2 (full 0):
 garbage-first heap   total 131072K, used 11298K [0x00000000c0000000, 0x0000000100000000)
  region size 1024K, 5 young (5120K), 5 survivors (5120K)
 Metaspace       used 4384K, committed 4544K, reserved 278528K
  class space    used 549K, committed 640K, reserved 212992K
}
Event: 1.543 GC heap before
{Heap before GC invocations=2 (full 0):
 garbage-first heap   total 131072K, used 59426K [0x00000000c0000000, 0x0000000100000000)
  region size 1024K, 50 young (51200K), 5 survivors (5120K)
 Metaspace       used 4839K, committed 4992K, reserved 278528K
  class space    used 620K, committed 704K, reserved 212992K
}
Event: 1.551 GC heap after
{Heap after GC invocations=3 (full 0):
 garbage-first heap   total 131072K, used 16942K [0x00000000c0000000, 0x0000000100000000)
  region size 1024K, 5 young (5120K), 5 survivors (5120K)
 Metaspace       used 4839K, committed 4992K, reserved 278528K
  class space    used 620K, committed 704K, reserved 212992K
}
Event: 4.456 GC heap before
{Heap before GC invocations=3 (full 0):
 garbage-first heap   total 131072K, used 89646K [0x00000000c0000000, 0x0000000100000000)
  region size 1024K, 76 young (77824K), 5 survivors (5120K)
 Metaspace       used 17466K, committed 17792K, reserved 278528K
  class space    used 2477K, committed 2624K, reserved 212992K
}
Event: 4.465 GC heap after
{Heap after GC invocations=4 (full 0):
 garbage-first heap   total 131072K, used 22056K [0x00000000c0000000, 0x0000000100000000)
  region size 1024K, 10 young (10240K), 10 survivors (10240K)
 Metaspace       used 17466K, committed 17792K, reserved 278528K
  class space    used 2477K, committed 2624K, reserved 212992K
}

